Using pre-set license
Built from '2020.2/release' branch; Version is '2020.2.2f1 (068178b99f32) revision 426360'; Using compiler version '192528614'; Build Type 'Release'
OS: 'Windows 10 Pro; OS build 19042.746; Version 2009; 64bit' Language: 'en' Physical Memory: 32713 MB
BatchMode: 1, IsHumanControllingUs: 0, StartBugReporterOnCrash: 0, Is64bit: 1, IsPro: 0

 COMMAND LINE ARGUMENTS:
C:\Program Files\2020.2.2f1\Editor\Unity.exe
-adb2
-batchMode
-noUpm
-name
AssetImportWorker0
-projectPath
D:/unity project/Gi455
-logFile
Logs/AssetImportWorker0.log
-srvPort
58895
Successfully changed project path to: D:/unity project/Gi455
D:/unity project/Gi455
Using Asset Import Pipeline V2.
Refreshing native plugins compatible for Editor in 23.49 ms, found 0 plugins.
Preloading 0 native plugins for Editor in 0.00 ms.
Initialize engine version: 2020.2.2f1 (068178b99f32)
[Subsystems] Discovering subsystems at path C:/Program Files/2020.2.2f1/Editor/Data/Resources/UnitySubsystems
[Subsystems] Discovering subsystems at path D:/unity project/Gi455/Assets
GfxDevice: creating device client; threaded=0
Direct3D:
    Version:  Direct3D 11.0 [level 11.1]
    Renderer: NVIDIA GeForce GTX 1070 (ID=0x1b81)
    Vendor:   
    VRAM:     8088 MB
    Driver:   27.21.14.5671
Initialize mono
Mono path[0] = 'C:/Program Files/2020.2.2f1/Editor/Data/Managed'
Mono path[1] = 'C:/Program Files/2020.2.2f1/Editor/Data/MonoBleedingEdge/lib/mono/unityjit'
Mono config path = 'C:/Program Files/2020.2.2f1/Editor/Data/MonoBleedingEdge/etc'
Using monoOptions --debugger-agent=transport=dt_socket,embedding=1,server=y,suspend=n,address=127.0.0.1:56040
Begin MonoManager ReloadAssembly
Registering precompiled unity dll's ...
Register platform support module: C:/Program Files/2020.2.2f1/Editor/Data/PlaybackEngines/WindowsStandaloneSupport/UnityEditor.WindowsStandalone.Extensions.dll
Registered in 0.002318 seconds.
Native extension for WindowsStandalone target not found
Refreshing native plugins compatible for Editor in 22.88 ms, found 0 plugins.
Preloading 0 native plugins for Editor in 0.00 ms.
Invoked RoslynAnalysisRunner static constructor.
RoslynAnalysisRunner will not be running.
RoslynAnalysisRunner has terminated.
Mono: successfully reloaded assembly
- Completed reload, in  2.028 seconds
Platform modules already initialized, skipping
Registering precompiled user dll's ...
Registered in 0.000534 seconds.
Begin MonoManager ReloadAssembly
Native extension for WindowsStandalone target not found
Refreshing native plugins compatible for Editor in 0.20 ms, found 0 plugins.
Preloading 0 native plugins for Editor in 0.00 ms.
Invoked RoslynAnalysisRunner static constructor.
RoslynAnalysisRunner will not be running.
RoslynAnalysisRunner has terminated.
Mono: successfully reloaded assembly
- Completed reload, in  0.839 seconds
Platform modules already initialized, skipping
========================================================================
Worker process is ready to serve import requests
Launched and connected shader compiler UnityShaderCompiler.exe after 0.06 seconds
Refreshing native plugins compatible for Editor in 0.53 ms, found 0 plugins.
Preloading 0 native plugins for Editor in 0.00 ms.
Unloading 1100 Unused Serialized files (Serialized files now loaded: 0)
System memory in use before: 56.6 MB.
System memory in use after: 56.6 MB.

Unloading 10 unused Assets to reduce memory usage. Loaded Objects now: 1542.
Total: 1.744800 ms (FindLiveObjects: 0.141600 ms CreateObjectMapping: 0.026900 ms MarkObjects: 1.491800 ms  DeleteObjects: 0.082700 ms)

========================================================================
Received Import Request.
  path: Assets/Script/Name.cs
  artifactKey: Guid(4137bf10adf434747ab698bba52c8e16) Importer(815301076,1909f56bfc062723c751e8b465ee728b)
Start importing Assets/Script/Name.cs using Guid(4137bf10adf434747ab698bba52c8e16) Importer(815301076,1909f56bfc062723c751e8b465ee728b)  -> (artifact id: '8ece17f42f91c132239331762f7f8c5e') in 0.032323 seconds
  Import took 0.034751 seconds .

========================================================================
Received Prepare
Registering precompiled user dll's ...
Registered in 0.000533 seconds.
Begin MonoManager ReloadAssembly
Native extension for WindowsStandalone target not found
Refreshing native plugins compatible for Editor in 0.32 ms, found 0 plugins.
Preloading 0 native plugins for Editor in 0.00 ms.
Invoked RoslynAnalysisRunner static constructor.
RoslynAnalysisRunner will not be running.
RoslynAnalysisRunner has terminated.
Mono: successfully reloaded assembly
- Completed reload, in  0.823 seconds
Platform modules already initialized, skipping
Refreshing native plugins compatible for Editor in 0.34 ms, found 0 plugins.
Preloading 0 native plugins for Editor in 0.00 ms.
Unloading 1095 Unused Serialized files (Serialized files now loaded: 0)
System memory in use before: 56.6 MB.
System memory in use after: 56.7 MB.

Unloading 5 unused Assets to reduce memory usage. Loaded Objects now: 1544.
Total: 2.357600 ms (FindLiveObjects: 0.218100 ms CreateObjectMapping: 0.039100 ms MarkObjects: 2.013600 ms  DeleteObjects: 0.084400 ms)

========================================================================
Received Import Request.
  Time since last request: 36.579046 seconds.
  path: Assets/Script/Name.cs
  artifactKey: Guid(4137bf10adf434747ab698bba52c8e16) Importer(815301076,1909f56bfc062723c751e8b465ee728b)
Start importing Assets/Script/Name.cs using Guid(4137bf10adf434747ab698bba52c8e16) Importer(815301076,1909f56bfc062723c751e8b465ee728b)  -> (artifact id: '90c5b7b847a78dc520f604c916432fd4') in 0.004786 seconds
  Import took 0.006913 seconds .

========================================================================
Received Prepare
Registering precompiled user dll's ...
Registered in 0.000517 seconds.
Begin MonoManager ReloadAssembly
Native extension for WindowsStandalone target not found
Refreshing native plugins compatible for Editor in 0.20 ms, found 0 plugins.
Preloading 0 native plugins for Editor in 0.00 ms.
Invoked RoslynAnalysisRunner static constructor.
RoslynAnalysisRunner will not be running.
RoslynAnalysisRunner has terminated.
Mono: successfully reloaded assembly
- Completed reload, in  0.768 seconds
Platform modules already initialized, skipping
Refreshing native plugins compatible for Editor in 0.26 ms, found 0 plugins.
Preloading 0 native plugins for Editor in 0.00 ms.
Unloading 1142 Unused Serialized files (Serialized files now loaded: 0)
System memory in use before: 59.3 MB.
System memory in use after: 58.8 MB.

Unloading 18 unused Assets to reduce memory usage. Loaded Objects now: 1580.
Total: 2.120800 ms (FindLiveObjects: 0.254100 ms CreateObjectMapping: 0.030500 ms MarkObjects: 1.518700 ms  DeleteObjects: 0.315800 ms)

========================================================================
Received Prepare
Registering precompiled user dll's ...
Registered in 0.000580 seconds.
Begin MonoManager ReloadAssembly
Native extension for WindowsStandalone target not found
Refreshing native plugins compatible for Editor in 0.30 ms, found 0 plugins.
Preloading 0 native plugins for Editor in 0.00 ms.
Invoked RoslynAnalysisRunner static constructor.
RoslynAnalysisRunner will not be running.
RoslynAnalysisRunner has terminated.
Mono: successfully reloaded assembly
- Completed reload, in  0.777 seconds
Platform modules already initialized, skipping
Refreshing native plugins compatible for Editor in 0.24 ms, found 0 plugins.
Preloading 0 native plugins for Editor in 0.00 ms.
Unloading 1142 Unused Serialized files (Serialized files now loaded: 0)
System memory in use before: 59.4 MB.
System memory in use after: 58.9 MB.

Unloading 18 unused Assets to reduce memory usage. Loaded Objects now: 1582.
Total: 2.478600 ms (FindLiveObjects: 0.150100 ms CreateObjectMapping: 0.027000 ms MarkObjects: 1.616200 ms  DeleteObjects: 0.684300 ms)

========================================================================
Received Import Request.
  Time since last request: 561.478173 seconds.
  path: Assets/Script/Name.cs
  artifactKey: Guid(4137bf10adf434747ab698bba52c8e16) Importer(815301076,1909f56bfc062723c751e8b465ee728b)
Start importing Assets/Script/Name.cs using Guid(4137bf10adf434747ab698bba52c8e16) Importer(815301076,1909f56bfc062723c751e8b465ee728b)  -> (artifact id: 'ae0c5ae96700cdbaf3441ce1b4b25fce') in 0.003815 seconds
  Import took 0.005621 seconds .

========================================================================
Received Prepare
Registering precompiled user dll's ...
Registered in 0.000587 seconds.
Begin MonoManager ReloadAssembly
Native extension for WindowsStandalone target not found
Refreshing native plugins compatible for Editor in 0.25 ms, found 0 plugins.
Preloading 0 native plugins for Editor in 0.00 ms.
Invoked RoslynAnalysisRunner static constructor.
RoslynAnalysisRunner will not be running.
RoslynAnalysisRunner has terminated.
Mono: successfully reloaded assembly
- Completed reload, in  0.767 seconds
Platform modules already initialized, skipping
Refreshing native plugins compatible for Editor in 0.20 ms, found 0 plugins.
Preloading 0 native plugins for Editor in 0.00 ms.
Unloading 1142 Unused Serialized files (Serialized files now loaded: 0)
System memory in use before: 59.5 MB.
System memory in use after: 58.9 MB.

Unloading 18 unused Assets to reduce memory usage. Loaded Objects now: 1584.
Total: 1.733600 ms (FindLiveObjects: 0.137400 ms CreateObjectMapping: 0.026100 ms MarkObjects: 1.250600 ms  DeleteObjects: 0.318700 ms)

========================================================================
Received Prepare
Registering precompiled user dll's ...
Registered in 0.000500 seconds.
Begin MonoManager ReloadAssembly
Native extension for WindowsStandalone target not found
Refreshing native plugins compatible for Editor in 0.20 ms, found 0 plugins.
Preloading 0 native plugins for Editor in 0.00 ms.
Invoked RoslynAnalysisRunner static constructor.
RoslynAnalysisRunner will not be running.
RoslynAnalysisRunner has terminated.
Mono: successfully reloaded assembly
- Completed reload, in  0.745 seconds
Platform modules already initialized, skipping
Refreshing native plugins compatible for Editor in 0.20 ms, found 0 plugins.
Preloading 0 native plugins for Editor in 0.00 ms.
Unloading 1142 Unused Serialized files (Serialized files now loaded: 0)
System memory in use before: 59.5 MB.
System memory in use after: 59.0 MB.

Unloading 18 unused Assets to reduce memory usage. Loaded Objects now: 1586.
Total: 1.869400 ms (FindLiveObjects: 0.148200 ms CreateObjectMapping: 0.027900 ms MarkObjects: 1.341800 ms  DeleteObjects: 0.350700 ms)

========================================================================
Received Prepare
Registering precompiled user dll's ...
Registered in 0.000515 seconds.
Begin MonoManager ReloadAssembly
Native extension for WindowsStandalone target not found
Refreshing native plugins compatible for Editor in 0.20 ms, found 0 plugins.
Preloading 0 native plugins for Editor in 0.00 ms.
Invoked RoslynAnalysisRunner static constructor.
RoslynAnalysisRunner will not be running.
RoslynAnalysisRunner has terminated.
Mono: successfully reloaded assembly
- Completed reload, in  0.743 seconds
Platform modules already initialized, skipping
Refreshing native plugins compatible for Editor in 0.24 ms, found 0 plugins.
Preloading 0 native plugins for Editor in 0.00 ms.
Unloading 1142 Unused Serialized files (Serialized files now loaded: 0)
System memory in use before: 59.6 MB.
System memory in use after: 59.1 MB.

Unloading 18 unused Assets to reduce memory usage. Loaded Objects now: 1588.
Total: 2.097900 ms (FindLiveObjects: 0.191500 ms CreateObjectMapping: 0.032500 ms MarkObjects: 1.518700 ms  DeleteObjects: 0.353900 ms)

========================================================================
Received Prepare
Registering precompiled user dll's ...
Registered in 0.000513 seconds.
Begin MonoManager ReloadAssembly
Native extension for WindowsStandalone target not found
Refreshing native plugins compatible for Editor in 0.20 ms, found 0 plugins.
Preloading 0 native plugins for Editor in 0.00 ms.
Invoked RoslynAnalysisRunner static constructor.
RoslynAnalysisRunner will not be running.
RoslynAnalysisRunner has terminated.
Mono: successfully reloaded assembly
- Completed reload, in  0.716 seconds
Platform modules already initialized, skipping
Refreshing native plugins compatible for Editor in 0.21 ms, found 0 plugins.
Preloading 0 native plugins for Editor in 0.00 ms.
Unloading 1142 Unused Serialized files (Serialized files now loaded: 0)
System memory in use before: 59.7 MB.
System memory in use after: 59.2 MB.

Unloading 18 unused Assets to reduce memory usage. Loaded Objects now: 1590.
Total: 1.954500 ms (FindLiveObjects: 0.139800 ms CreateObjectMapping: 0.026800 ms MarkObjects: 1.418300 ms  DeleteObjects: 0.368800 ms)

========================================================================
Received Prepare
Registering precompiled user dll's ...
Registered in 0.000513 seconds.
Begin MonoManager ReloadAssembly
Native extension for WindowsStandalone target not found
Refreshing native plugins compatible for Editor in 0.20 ms, found 0 plugins.
Preloading 0 native plugins for Editor in 0.00 ms.
Invoked RoslynAnalysisRunner static constructor.
RoslynAnalysisRunner will not be running.
RoslynAnalysisRunner has terminated.
Mono: successfully reloaded assembly
- Completed reload, in  0.732 seconds
Platform modules already initialized, skipping
Refreshing native plugins compatible for Editor in 0.20 ms, found 0 plugins.
Preloading 0 native plugins for Editor in 0.00 ms.
Unloading 1142 Unused Serialized files (Serialized files now loaded: 0)
System memory in use before: 59.8 MB.
System memory in use after: 59.3 MB.

Unloading 18 unused Assets to reduce memory usage. Loaded Objects now: 1592.
Total: 1.841400 ms (FindLiveObjects: 0.144300 ms CreateObjectMapping: 0.027700 ms MarkObjects: 1.310400 ms  DeleteObjects: 0.358100 ms)

========================================================================
Received Prepare
Registering precompiled user dll's ...
Registered in 0.000971 seconds.
Begin MonoManager ReloadAssembly
Native extension for WindowsStandalone target not found
Refreshing native plugins compatible for Editor in 0.23 ms, found 0 plugins.
Preloading 0 native plugins for Editor in 0.00 ms.
Invoked RoslynAnalysisRunner static constructor.
RoslynAnalysisRunner will not be running.
RoslynAnalysisRunner has terminated.
Mono: successfully reloaded assembly
- Completed reload, in  0.727 seconds
Platform modules already initialized, skipping
Refreshing native plugins compatible for Editor in 0.22 ms, found 0 plugins.
Preloading 0 native plugins for Editor in 0.00 ms.
Unloading 1142 Unused Serialized files (Serialized files now loaded: 0)
System memory in use before: 59.8 MB.
System memory in use after: 59.3 MB.

Unloading 18 unused Assets to reduce memory usage. Loaded Objects now: 1594.
Total: 2.396200 ms (FindLiveObjects: 0.243800 ms CreateObjectMapping: 0.047000 ms MarkObjects: 1.761400 ms  DeleteObjects: 0.342700 ms)

========================================================================
Received Prepare
Registering precompiled user dll's ...
Registered in 0.000571 seconds.
Begin MonoManager ReloadAssembly
Native extension for WindowsStandalone target not found
Refreshing native plugins compatible for Editor in 0.20 ms, found 0 plugins.
Preloading 0 native plugins for Editor in 0.00 ms.
Invoked RoslynAnalysisRunner static constructor.
RoslynAnalysisRunner will not be running.
RoslynAnalysisRunner has terminated.
Mono: successfully reloaded assembly
- Completed reload, in  0.720 seconds
Platform modules already initialized, skipping
Refreshing native plugins compatible for Editor in 0.23 ms, found 0 plugins.
Preloading 0 native plugins for Editor in 0.00 ms.
Unloading 1142 Unused Serialized files (Serialized files now loaded: 0)
System memory in use before: 59.9 MB.
System memory in use after: 59.4 MB.

Unloading 18 unused Assets to reduce memory usage. Loaded Objects now: 1596.
Total: 1.745800 ms (FindLiveObjects: 0.137100 ms CreateObjectMapping: 0.026300 ms MarkObjects: 1.244300 ms  DeleteObjects: 0.337300 ms)

========================================================================
Received Prepare
Registering precompiled user dll's ...
Registered in 0.000585 seconds.
Begin MonoManager ReloadAssembly
Native extension for WindowsStandalone target not found
Refreshing native plugins compatible for Editor in 0.25 ms, found 0 plugins.
Preloading 0 native plugins for Editor in 0.00 ms.
Invoked RoslynAnalysisRunner static constructor.
RoslynAnalysisRunner will not be running.
RoslynAnalysisRunner has terminated.
Mono: successfully reloaded assembly
- Completed reload, in  0.753 seconds
Platform modules already initialized, skipping
Refreshing native plugins compatible for Editor in 0.20 ms, found 0 plugins.
Preloading 0 native plugins for Editor in 0.00 ms.
Unloading 1142 Unused Serialized files (Serialized files now loaded: 0)
System memory in use before: 60.0 MB.
System memory in use after: 59.5 MB.

Unloading 18 unused Assets to reduce memory usage. Loaded Objects now: 1598.
Total: 2.144500 ms (FindLiveObjects: 0.152500 ms CreateObjectMapping: 0.028200 ms MarkObjects: 1.529700 ms  DeleteObjects: 0.432700 ms)

========================================================================
Received Prepare
Registering precompiled user dll's ...
Registered in 0.000551 seconds.
Begin MonoManager ReloadAssembly
Native extension for WindowsStandalone target not found
Refreshing native plugins compatible for Editor in 0.20 ms, found 0 plugins.
Preloading 0 native plugins for Editor in 0.00 ms.
Invoked RoslynAnalysisRunner static constructor.
RoslynAnalysisRunner will not be running.
RoslynAnalysisRunner has terminated.
Mono: successfully reloaded assembly
- Completed reload, in  0.728 seconds
Platform modules already initialized, skipping
Refreshing native plugins compatible for Editor in 0.30 ms, found 0 plugins.
Preloading 0 native plugins for Editor in 0.00 ms.
Unloading 1142 Unused Serialized files (Serialized files now loaded: 0)
System memory in use before: 60.1 MB.
System memory in use after: 59.6 MB.

Unloading 18 unused Assets to reduce memory usage. Loaded Objects now: 1600.
Total: 1.761000 ms (FindLiveObjects: 0.129400 ms CreateObjectMapping: 0.027300 ms MarkObjects: 1.275000 ms  DeleteObjects: 0.328600 ms)

========================================================================
Received Prepare
Registering precompiled user dll's ...
Registered in 0.000553 seconds.
Begin MonoManager ReloadAssembly
Native extension for WindowsStandalone target not found
Refreshing native plugins compatible for Editor in 0.28 ms, found 0 plugins.
Preloading 0 native plugins for Editor in 0.00 ms.
Invoked RoslynAnalysisRunner static constructor.
RoslynAnalysisRunner will not be running.
RoslynAnalysisRunner has terminated.
Mono: successfully reloaded assembly
- Completed reload, in  0.748 seconds
Platform modules already initialized, skipping
Refreshing native plugins compatible for Editor in 0.30 ms, found 0 plugins.
Preloading 0 native plugins for Editor in 0.00 ms.
Unloading 1142 Unused Serialized files (Serialized files now loaded: 0)
System memory in use before: 60.1 MB.
System memory in use after: 59.6 MB.

Unloading 18 unused Assets to reduce memory usage. Loaded Objects now: 1602.
Total: 1.867200 ms (FindLiveObjects: 0.144100 ms CreateObjectMapping: 0.027600 ms MarkObjects: 1.333800 ms  DeleteObjects: 0.360800 ms)

========================================================================
Received Prepare
Registering precompiled user dll's ...
Registered in 0.000517 seconds.
Begin MonoManager ReloadAssembly
Native extension for WindowsStandalone target not found
Refreshing native plugins compatible for Editor in 0.22 ms, found 0 plugins.
Preloading 0 native plugins for Editor in 0.00 ms.
Invoked RoslynAnalysisRunner static constructor.
RoslynAnalysisRunner will not be running.
RoslynAnalysisRunner has terminated.
Mono: successfully reloaded assembly
- Completed reload, in  0.756 seconds
Platform modules already initialized, skipping
Refreshing native plugins compatible for Editor in 0.20 ms, found 0 plugins.
Preloading 0 native plugins for Editor in 0.00 ms.
Unloading 1142 Unused Serialized files (Serialized files now loaded: 0)
System memory in use before: 60.2 MB.
System memory in use after: 59.7 MB.

Unloading 18 unused Assets to reduce memory usage. Loaded Objects now: 1604.
Total: 1.768800 ms (FindLiveObjects: 0.137900 ms CreateObjectMapping: 0.026400 ms MarkObjects: 1.272500 ms  DeleteObjects: 0.331000 ms)

========================================================================
Received Prepare
Registering precompiled user dll's ...
Registered in 0.000490 seconds.
Begin MonoManager ReloadAssembly
Native extension for WindowsStandalone target not found
Refreshing native plugins compatible for Editor in 0.20 ms, found 0 plugins.
Preloading 0 native plugins for Editor in 0.00 ms.
Invoked RoslynAnalysisRunner static constructor.
RoslynAnalysisRunner will not be running.
RoslynAnalysisRunner has terminated.
Mono: successfully reloaded assembly
- Completed reload, in  0.751 seconds
Platform modules already initialized, skipping
Refreshing native plugins compatible for Editor in 0.21 ms, found 0 plugins.
Preloading 0 native plugins for Editor in 0.00 ms.
Unloading 1142 Unused Serialized files (Serialized files now loaded: 0)
System memory in use before: 60.3 MB.
System memory in use after: 59.8 MB.

Unloading 18 unused Assets to reduce memory usage. Loaded Objects now: 1606.
Total: 1.749900 ms (FindLiveObjects: 0.141600 ms CreateObjectMapping: 0.026700 ms MarkObjects: 1.254200 ms  DeleteObjects: 0.326200 ms)

========================================================================
Received Prepare
Registering precompiled user dll's ...
Registered in 0.000507 seconds.
Begin MonoManager ReloadAssembly
Native extension for WindowsStandalone target not found
Refreshing native plugins compatible for Editor in 0.20 ms, found 0 plugins.
Preloading 0 native plugins for Editor in 0.00 ms.
Invoked RoslynAnalysisRunner static constructor.
RoslynAnalysisRunner will not be running.
RoslynAnalysisRunner has terminated.
Mono: successfully reloaded assembly
- Completed reload, in  0.715 seconds
Platform modules already initialized, skipping
Refreshing native plugins compatible for Editor in 0.20 ms, found 0 plugins.
Preloading 0 native plugins for Editor in 0.00 ms.
Unloading 1142 Unused Serialized files (Serialized files now loaded: 0)
System memory in use before: 60.4 MB.
System memory in use after: 59.9 MB.

Unloading 18 unused Assets to reduce memory usage. Loaded Objects now: 1608.
Total: 1.787300 ms (FindLiveObjects: 0.137300 ms CreateObjectMapping: 0.026300 ms MarkObjects: 1.303900 ms  DeleteObjects: 0.318900 ms)

========================================================================
Received Prepare
Registering precompiled user dll's ...
Registered in 0.000481 seconds.
Begin MonoManager ReloadAssembly
Native extension for WindowsStandalone target not found
Refreshing native plugins compatible for Editor in 0.20 ms, found 0 plugins.
Preloading 0 native plugins for Editor in 0.00 ms.
Invoked RoslynAnalysisRunner static constructor.
RoslynAnalysisRunner will not be running.
RoslynAnalysisRunner has terminated.
Mono: successfully reloaded assembly
- Completed reload, in  0.733 seconds
Platform modules already initialized, skipping
Refreshing native plugins compatible for Editor in 0.22 ms, found 0 plugins.
Preloading 0 native plugins for Editor in 0.00 ms.
Unloading 1142 Unused Serialized files (Serialized files now loaded: 0)
System memory in use before: 60.4 MB.
System memory in use after: 59.9 MB.

Unloading 18 unused Assets to reduce memory usage. Loaded Objects now: 1610.
Total: 1.780200 ms (FindLiveObjects: 0.143700 ms CreateObjectMapping: 0.027100 ms MarkObjects: 1.273700 ms  DeleteObjects: 0.334600 ms)

========================================================================
Received Prepare
Registering precompiled user dll's ...
Registered in 0.000642 seconds.
Begin MonoManager ReloadAssembly
Native extension for WindowsStandalone target not found
Refreshing native plugins compatible for Editor in 0.21 ms, found 0 plugins.
Preloading 0 native plugins for Editor in 0.00 ms.
Invoked RoslynAnalysisRunner static constructor.
RoslynAnalysisRunner will not be running.
RoslynAnalysisRunner has terminated.
Mono: successfully reloaded assembly
- Completed reload, in  0.829 seconds
Platform modules already initialized, skipping
Refreshing native plugins compatible for Editor in 0.26 ms, found 0 plugins.
Preloading 0 native plugins for Editor in 0.00 ms.
Unloading 1142 Unused Serialized files (Serialized files now loaded: 0)
System memory in use before: 60.5 MB.
System memory in use after: 60.0 MB.

Unloading 18 unused Assets to reduce memory usage. Loaded Objects now: 1612.
Total: 1.960700 ms (FindLiveObjects: 0.160800 ms CreateObjectMapping: 0.028500 ms MarkObjects: 1.415300 ms  DeleteObjects: 0.354900 ms)

========================================================================
Received Prepare
Registering precompiled user dll's ...
Registered in 0.000504 seconds.
Begin MonoManager ReloadAssembly
Native extension for WindowsStandalone target not found
Refreshing native plugins compatible for Editor in 0.24 ms, found 0 plugins.
Preloading 0 native plugins for Editor in 0.00 ms.
Invoked RoslynAnalysisRunner static constructor.
RoslynAnalysisRunner will not be running.
RoslynAnalysisRunner has terminated.
Mono: successfully reloaded assembly
- Completed reload, in  0.778 seconds
Platform modules already initialized, skipping
Refreshing native plugins compatible for Editor in 0.20 ms, found 0 plugins.
Preloading 0 native plugins for Editor in 0.00 ms.
Unloading 1142 Unused Serialized files (Serialized files now loaded: 0)
System memory in use before: 60.6 MB.
System memory in use after: 60.1 MB.

Unloading 18 unused Assets to reduce memory usage. Loaded Objects now: 1614.
Total: 2.091600 ms (FindLiveObjects: 0.152700 ms CreateObjectMapping: 0.029200 ms MarkObjects: 1.572900 ms  DeleteObjects: 0.335600 ms)

========================================================================
Received Prepare
Registering precompiled user dll's ...
Registered in 0.000504 seconds.
Begin MonoManager ReloadAssembly
Native extension for WindowsStandalone target not found
Refreshing native plugins compatible for Editor in 0.21 ms, found 0 plugins.
Preloading 0 native plugins for Editor in 0.00 ms.
Invoked RoslynAnalysisRunner static constructor.
RoslynAnalysisRunner will not be running.
RoslynAnalysisRunner has terminated.
Mono: successfully reloaded assembly
- Completed reload, in  0.734 seconds
Platform modules already initialized, skipping
Refreshing native plugins compatible for Editor in 0.26 ms, found 0 plugins.
Preloading 0 native plugins for Editor in 0.00 ms.
Unloading 1142 Unused Serialized files (Serialized files now loaded: 0)
System memory in use before: 60.7 MB.
System memory in use after: 60.2 MB.

Unloading 18 unused Assets to reduce memory usage. Loaded Objects now: 1616.
Total: 2.008100 ms (FindLiveObjects: 0.169200 ms CreateObjectMapping: 0.030200 ms MarkObjects: 1.452000 ms  DeleteObjects: 0.355500 ms)

========================================================================
Received Prepare
Registering precompiled user dll's ...
Registered in 0.000563 seconds.
Begin MonoManager ReloadAssembly
Native extension for WindowsStandalone target not found
Refreshing native plugins compatible for Editor in 0.21 ms, found 0 plugins.
Preloading 0 native plugins for Editor in 0.00 ms.
Invoked RoslynAnalysisRunner static constructor.
RoslynAnalysisRunner will not be running.
RoslynAnalysisRunner has terminated.
Mono: successfully reloaded assembly
- Completed reload, in  0.738 seconds
Platform modules already initialized, skipping
Refreshing native plugins compatible for Editor in 0.21 ms, found 0 plugins.
Preloading 0 native plugins for Editor in 0.00 ms.
Unloading 1142 Unused Serialized files (Serialized files now loaded: 0)
System memory in use before: 60.7 MB.
System memory in use after: 60.2 MB.

Unloading 18 unused Assets to reduce memory usage. Loaded Objects now: 1618.
Total: 1.842900 ms (FindLiveObjects: 0.166200 ms CreateObjectMapping: 0.027700 ms MarkObjects: 1.317200 ms  DeleteObjects: 0.330900 ms)

========================================================================
Received Prepare
Registering precompiled user dll's ...
Registered in 0.000590 seconds.
Begin MonoManager ReloadAssembly
Native extension for WindowsStandalone target not found
Refreshing native plugins compatible for Editor in 0.21 ms, found 0 plugins.
Preloading 0 native plugins for Editor in 0.00 ms.
Invoked RoslynAnalysisRunner static constructor.
RoslynAnalysisRunner will not be running.
RoslynAnalysisRunner has terminated.
Mono: successfully reloaded assembly
- Completed reload, in  0.760 seconds
Platform modules already initialized, skipping
Refreshing native plugins compatible for Editor in 0.27 ms, found 0 plugins.
Preloading 0 native plugins for Editor in 0.00 ms.
Unloading 1142 Unused Serialized files (Serialized files now loaded: 0)
System memory in use before: 60.8 MB.
System memory in use after: 60.3 MB.

Unloading 18 unused Assets to reduce memory usage. Loaded Objects now: 1620.
Total: 2.271200 ms (FindLiveObjects: 0.154500 ms CreateObjectMapping: 0.028100 ms MarkObjects: 1.659000 ms  DeleteObjects: 0.428200 ms)

========================================================================
Received Prepare
Registering precompiled user dll's ...
Registered in 0.000539 seconds.
Begin MonoManager ReloadAssembly
Native extension for WindowsStandalone target not found
Refreshing native plugins compatible for Editor in 0.23 ms, found 0 plugins.
Preloading 0 native plugins for Editor in 0.00 ms.
Invoked RoslynAnalysisRunner static constructor.
RoslynAnalysisRunner will not be running.
RoslynAnalysisRunner has terminated.
Mono: successfully reloaded assembly
- Completed reload, in  0.745 seconds
Platform modules already initialized, skipping
Refreshing native plugins compatible for Editor in 0.20 ms, found 0 plugins.
Preloading 0 native plugins for Editor in 0.00 ms.
Unloading 1142 Unused Serialized files (Serialized files now loaded: 0)
System memory in use before: 60.9 MB.
System memory in use after: 60.4 MB.

Unloading 18 unused Assets to reduce memory usage. Loaded Objects now: 1622.
Total: 1.970700 ms (FindLiveObjects: 0.157600 ms CreateObjectMapping: 0.030000 ms MarkObjects: 1.393600 ms  DeleteObjects: 0.388700 ms)

========================================================================
Received Prepare
Registering precompiled user dll's ...
Registered in 0.000530 seconds.
Begin MonoManager ReloadAssembly
Native extension for WindowsStandalone target not found
Refreshing native plugins compatible for Editor in 0.22 ms, found 0 plugins.
Preloading 0 native plugins for Editor in 0.00 ms.
Invoked RoslynAnalysisRunner static constructor.
RoslynAnalysisRunner will not be running.
RoslynAnalysisRunner has terminated.
Mono: successfully reloaded assembly
- Completed reload, in  0.742 seconds
Platform modules already initialized, skipping
Refreshing native plugins compatible for Editor in 0.20 ms, found 0 plugins.
Preloading 0 native plugins for Editor in 0.00 ms.
Unloading 1142 Unused Serialized files (Serialized files now loaded: 0)
System memory in use before: 61.0 MB.
System memory in use after: 60.5 MB.

Unloading 18 unused Assets to reduce memory usage. Loaded Objects now: 1624.
Total: 1.992100 ms (FindLiveObjects: 0.162200 ms CreateObjectMapping: 0.028000 ms MarkObjects: 1.442400 ms  DeleteObjects: 0.358200 ms)

========================================================================
Received Prepare
Registering precompiled user dll's ...
Registered in 0.000522 seconds.
Begin MonoManager ReloadAssembly
Native extension for WindowsStandalone target not found
Refreshing native plugins compatible for Editor in 0.25 ms, found 0 plugins.
Preloading 0 native plugins for Editor in 0.00 ms.
Invoked RoslynAnalysisRunner static constructor.
RoslynAnalysisRunner will not be running.
RoslynAnalysisRunner has terminated.
Mono: successfully reloaded assembly
- Completed reload, in  0.734 seconds
Platform modules already initialized, skipping
Refreshing native plugins compatible for Editor in 0.23 ms, found 0 plugins.
Preloading 0 native plugins for Editor in 0.00 ms.
Unloading 1142 Unused Serialized files (Serialized files now loaded: 0)
System memory in use before: 61.0 MB.
System memory in use after: 60.5 MB.

Unloading 18 unused Assets to reduce memory usage. Loaded Objects now: 1626.
Total: 1.885100 ms (FindLiveObjects: 0.147600 ms CreateObjectMapping: 0.029000 ms MarkObjects: 1.370900 ms  DeleteObjects: 0.336700 ms)

========================================================================
Received Prepare
Registering precompiled user dll's ...
Registered in 0.000625 seconds.
Begin MonoManager ReloadAssembly
Native extension for WindowsStandalone target not found
Refreshing native plugins compatible for Editor in 0.27 ms, found 0 plugins.
Preloading 0 native plugins for Editor in 0.00 ms.
Invoked RoslynAnalysisRunner static constructor.
RoslynAnalysisRunner will not be running.
RoslynAnalysisRunner has terminated.
Mono: successfully reloaded assembly
- Completed reload, in  0.764 seconds
Platform modules already initialized, skipping
Refreshing native plugins compatible for Editor in 0.22 ms, found 0 plugins.
Preloading 0 native plugins for Editor in 0.00 ms.
Unloading 1142 Unused Serialized files (Serialized files now loaded: 0)
System memory in use before: 61.1 MB.
System memory in use after: 60.6 MB.

Unloading 18 unused Assets to reduce memory usage. Loaded Objects now: 1628.
Total: 1.848700 ms (FindLiveObjects: 0.149800 ms CreateObjectMapping: 0.026700 ms MarkObjects: 1.338600 ms  DeleteObjects: 0.332700 ms)

========================================================================
Received Prepare
Registering precompiled user dll's ...
Registered in 0.000530 seconds.
Begin MonoManager ReloadAssembly
Native extension for WindowsStandalone target not found
Refreshing native plugins compatible for Editor in 0.20 ms, found 0 plugins.
Preloading 0 native plugins for Editor in 0.00 ms.
Invoked RoslynAnalysisRunner static constructor.
RoslynAnalysisRunner will not be running.
RoslynAnalysisRunner has terminated.
Mono: successfully reloaded assembly
- Completed reload, in  0.737 seconds
Platform modules already initialized, skipping
Refreshing native plugins compatible for Editor in 0.20 ms, found 0 plugins.
Preloading 0 native plugins for Editor in 0.00 ms.
Unloading 1142 Unused Serialized files (Serialized files now loaded: 0)
System memory in use before: 61.2 MB.
System memory in use after: 60.7 MB.

Unloading 18 unused Assets to reduce memory usage. Loaded Objects now: 1630.
Total: 1.789700 ms (FindLiveObjects: 0.139800 ms CreateObjectMapping: 0.028100 ms MarkObjects: 1.288300 ms  DeleteObjects: 0.332900 ms)

========================================================================
Received Prepare
Registering precompiled user dll's ...
Registered in 0.000627 seconds.
Begin MonoManager ReloadAssembly
Native extension for WindowsStandalone target not found
Refreshing native plugins compatible for Editor in 0.21 ms, found 0 plugins.
Preloading 0 native plugins for Editor in 0.00 ms.
Invoked RoslynAnalysisRunner static constructor.
RoslynAnalysisRunner will not be running.
RoslynAnalysisRunner has terminated.
Mono: successfully reloaded assembly
- Completed reload, in  0.736 seconds
Platform modules already initialized, skipping
Refreshing native plugins compatible for Editor in 0.20 ms, found 0 plugins.
Preloading 0 native plugins for Editor in 0.00 ms.
Unloading 1142 Unused Serialized files (Serialized files now loaded: 0)
System memory in use before: 60.3 MB.
System memory in use after: 59.8 MB.

Unloading 18 unused Assets to reduce memory usage. Loaded Objects now: 1632.
Total: 1.884200 ms (FindLiveObjects: 0.153000 ms CreateObjectMapping: 0.027000 ms MarkObjects: 1.359900 ms  DeleteObjects: 0.343400 ms)

========================================================================
Received Prepare
Registering precompiled user dll's ...
Registered in 0.000528 seconds.
Begin MonoManager ReloadAssembly
Native extension for WindowsStandalone target not found
Refreshing native plugins compatible for Editor in 0.37 ms, found 0 plugins.
Preloading 0 native plugins for Editor in 0.00 ms.
Invoked RoslynAnalysisRunner static constructor.
RoslynAnalysisRunner will not be running.
RoslynAnalysisRunner has terminated.
Mono: successfully reloaded assembly
- Completed reload, in  0.756 seconds
Platform modules already initialized, skipping
Refreshing native plugins compatible for Editor in 0.20 ms, found 0 plugins.
Preloading 0 native plugins for Editor in 0.00 ms.
Unloading 1142 Unused Serialized files (Serialized files now loaded: 0)
System memory in use before: 60.3 MB.
System memory in use after: 59.8 MB.

Unloading 18 unused Assets to reduce memory usage. Loaded Objects now: 1634.
Total: 2.051400 ms (FindLiveObjects: 0.202400 ms CreateObjectMapping: 0.030800 ms MarkObjects: 1.458200 ms  DeleteObjects: 0.358600 ms)

========================================================================
Received Import Request.
  Time since last request: 6075.413126 seconds.
  path: Assets/Script/MonoBehaviour.cs
  artifactKey: Guid(4c16e2b2994793a4d85ed1190008174c) Importer(815301076,1909f56bfc062723c751e8b465ee728b)
Start importing Assets/Script/MonoBehaviour.cs using Guid(4c16e2b2994793a4d85ed1190008174c) Importer(815301076,1909f56bfc062723c751e8b465ee728b)  -> (artifact id: 'c90d8a788bcd52c80afeeab1ccb6eb39') in 0.009000 seconds
  Import took 0.010958 seconds .

========================================================================
Received Import Request.
  Time since last request: 1.226710 seconds.
  path: Assets/Script/Name.cs
  artifactKey: Guid(4137bf10adf434747ab698bba52c8e16) Importer(815301076,1909f56bfc062723c751e8b465ee728b)
Start importing Assets/Script/Name.cs using Guid(4137bf10adf434747ab698bba52c8e16) Importer(815301076,1909f56bfc062723c751e8b465ee728b)  -> (artifact id: 'a49df571c0e4bfcbf4d856ac76a57700') in 0.001699 seconds
  Import took 0.003495 seconds .

========================================================================
Received Import Request.
  Time since last request: 0.001417 seconds.
  path: Assets/Script/Name.cs
  artifactKey: Guid(4137bf10adf434747ab698bba52c8e16) Importer(815301076,1909f56bfc062723c751e8b465ee728b)
Start importing Assets/Script/Name.cs using Guid(4137bf10adf434747ab698bba52c8e16) Importer(815301076,1909f56bfc062723c751e8b465ee728b)  -> (artifact id: 'a49df571c0e4bfcbf4d856ac76a57700') in 0.002317 seconds
  Import took 0.004012 seconds .

========================================================================
Received Import Request.
  Time since last request: 234.374460 seconds.
  path: Assets/Script/Name.cs
  artifactKey: Guid(4137bf10adf434747ab698bba52c8e16) Importer(815301076,1909f56bfc062723c751e8b465ee728b)
Start importing Assets/Script/Name.cs using Guid(4137bf10adf434747ab698bba52c8e16) Importer(815301076,1909f56bfc062723c751e8b465ee728b)  -> (artifact id: '7466b23dfefe6afb00880d005387083b') in 0.002066 seconds
  Import took 0.003987 seconds .

========================================================================
Received Import Request.
  Time since last request: 66.607586 seconds.
  path: Assets/Script/Sec.cs
  artifactKey: Guid(ec3bbeb8022fb474ba63db5c2a6bb9e1) Importer(815301076,1909f56bfc062723c751e8b465ee728b)
Start importing Assets/Script/Sec.cs using Guid(ec3bbeb8022fb474ba63db5c2a6bb9e1) Importer(815301076,1909f56bfc062723c751e8b465ee728b)  -> (artifact id: '2e7ec00d1713213b7c4a487f434640c3') in 0.006153 seconds
  Import took 0.008232 seconds .

AssetImportWorkerClient::OnTransportError - code=2 error=End of file
