Using pre-set license
Built from '2020.2/release' branch; Version is '2020.2.2f1 (068178b99f32) revision 426360'; Using compiler version '192528614'; Build Type 'Release'
OS: 'Windows 10 Pro; OS build 19042.746; Version 2009; 64bit' Language: 'en' Physical Memory: 32713 MB
BatchMode: 1, IsHumanControllingUs: 0, StartBugReporterOnCrash: 0, Is64bit: 1, IsPro: 0

 COMMAND LINE ARGUMENTS:
C:\Program Files\2020.2.2f1\Editor\Unity.exe
-adb2
-batchMode
-noUpm
-name
AssetImportWorker0
-projectPath
D:/Git_GI455/GI455_1610700948/Week2/NodeJs
-logFile
Logs/AssetImportWorker0.log
-srvPort
56165
Successfully changed project path to: D:/Git_GI455/GI455_1610700948/Week2/NodeJs
D:/Git_GI455/GI455_1610700948/Week2/NodeJs
Using Asset Import Pipeline V2.
Refreshing native plugins compatible for Editor in 25.12 ms, found 0 plugins.
Preloading 0 native plugins for Editor in 0.00 ms.
Initialize engine version: 2020.2.2f1 (068178b99f32)
[Subsystems] Discovering subsystems at path C:/Program Files/2020.2.2f1/Editor/Data/Resources/UnitySubsystems
[Subsystems] Discovering subsystems at path D:/Git_GI455/GI455_1610700948/Week2/NodeJs/Assets
GfxDevice: creating device client; threaded=0
Direct3D:
    Version:  Direct3D 11.0 [level 11.1]
    Renderer: NVIDIA GeForce GTX 1070 (ID=0x1b81)
    Vendor:   
    VRAM:     8088 MB
    Driver:   27.21.14.5671
Initialize mono
Mono path[0] = 'C:/Program Files/2020.2.2f1/Editor/Data/Managed'
Mono path[1] = 'C:/Program Files/2020.2.2f1/Editor/Data/MonoBleedingEdge/lib/mono/unityjit'
Mono config path = 'C:/Program Files/2020.2.2f1/Editor/Data/MonoBleedingEdge/etc'
Using monoOptions --debugger-agent=transport=dt_socket,embedding=1,server=y,suspend=n,address=127.0.0.1:56916
Begin MonoManager ReloadAssembly
Registering precompiled unity dll's ...
Register platform support module: C:/Program Files/2020.2.2f1/Editor/Data/PlaybackEngines/WindowsStandaloneSupport/UnityEditor.WindowsStandalone.Extensions.dll
Registered in 0.002067 seconds.
Native extension for WindowsStandalone target not found
Refreshing native plugins compatible for Editor in 24.89 ms, found 0 plugins.
Preloading 0 native plugins for Editor in 0.00 ms.
Invoked RoslynAnalysisRunner static constructor.
RoslynAnalysisRunner will not be running.
RoslynAnalysisRunner has terminated.
Mono: successfully reloaded assembly
- Completed reload, in  2.018 seconds
Platform modules already initialized, skipping
Registering precompiled user dll's ...
Registered in 0.000800 seconds.
Begin MonoManager ReloadAssembly
Native extension for WindowsStandalone target not found
Refreshing native plugins compatible for Editor in 0.22 ms, found 0 plugins.
Preloading 0 native plugins for Editor in 0.00 ms.
Invoked RoslynAnalysisRunner static constructor.
RoslynAnalysisRunner will not be running.
RoslynAnalysisRunner has terminated.
Mono: successfully reloaded assembly
- Completed reload, in  0.828 seconds
Platform modules already initialized, skipping
========================================================================
Worker process is ready to serve import requests
Launched and connected shader compiler UnityShaderCompiler.exe after 0.05 seconds
Refreshing native plugins compatible for Editor in 0.24 ms, found 0 plugins.
Preloading 0 native plugins for Editor in 0.00 ms.
Unloading 1149 Unused Serialized files (Serialized files now loaded: 0)
System memory in use before: 59.5 MB.
System memory in use after: 59.5 MB.

Unloading 10 unused Assets to reduce memory usage. Loaded Objects now: 1591.
Total: 1.729200 ms (FindLiveObjects: 0.153100 ms CreateObjectMapping: 0.028400 ms MarkObjects: 1.476800 ms  DeleteObjects: 0.069500 ms)

========================================================================
Received Import Request.
  path: Assets/Script/WebsocketConnection.cs
  artifactKey: Guid(6ed6b9e68e1aafa4bacdbd8eeb122286) Importer(815301076,1909f56bfc062723c751e8b465ee728b)
Start importing Assets/Script/WebsocketConnection.cs using Guid(6ed6b9e68e1aafa4bacdbd8eeb122286) Importer(815301076,1909f56bfc062723c751e8b465ee728b)  -> (artifact id: '3d85e9467b7b31a1d8e871d73e7364fb') in 0.022764 seconds
  Import took 0.024528 seconds .

========================================================================
Received Import Request.
  Time since last request: 9.705298 seconds.
  path: Assets/Script/WebsocketConnection.cs
  artifactKey: Guid(6ed6b9e68e1aafa4bacdbd8eeb122286) Importer(815301076,1909f56bfc062723c751e8b465ee728b)
Start importing Assets/Script/WebsocketConnection.cs using Guid(6ed6b9e68e1aafa4bacdbd8eeb122286) Importer(815301076,1909f56bfc062723c751e8b465ee728b)  -> (artifact id: '7e4895510f4bbc6d62874c4208f76299') in 0.002242 seconds
  Import took 0.004081 seconds .

========================================================================
Received Prepare
Registering precompiled user dll's ...
Registered in 0.000783 seconds.
Begin MonoManager ReloadAssembly
Native extension for WindowsStandalone target not found
Refreshing native plugins compatible for Editor in 0.22 ms, found 0 plugins.
Preloading 0 native plugins for Editor in 0.00 ms.
Invoked RoslynAnalysisRunner static constructor.
RoslynAnalysisRunner will not be running.
RoslynAnalysisRunner has terminated.
Mono: successfully reloaded assembly
- Completed reload, in  0.842 seconds
Platform modules already initialized, skipping
Refreshing native plugins compatible for Editor in 0.22 ms, found 0 plugins.
Preloading 0 native plugins for Editor in 0.00 ms.
Unloading 1131 Unused Serialized files (Serialized files now loaded: 0)
System memory in use before: 58.6 MB.
System memory in use after: 58.7 MB.

Unloading 5 unused Assets to reduce memory usage. Loaded Objects now: 1593.
Total: 1.481200 ms (FindLiveObjects: 0.135900 ms CreateObjectMapping: 0.027100 ms MarkObjects: 1.304300 ms  DeleteObjects: 0.012600 ms)

========================================================================
Received Prepare
Registering precompiled user dll's ...
Registered in 0.000842 seconds.
Begin MonoManager ReloadAssembly
Native extension for WindowsStandalone target not found
Refreshing native plugins compatible for Editor in 0.30 ms, found 0 plugins.
Preloading 0 native plugins for Editor in 0.00 ms.
Invoked RoslynAnalysisRunner static constructor.
RoslynAnalysisRunner will not be running.
RoslynAnalysisRunner has terminated.
Mono: successfully reloaded assembly
- Completed reload, in  0.771 seconds
Platform modules already initialized, skipping
Refreshing native plugins compatible for Editor in 0.22 ms, found 0 plugins.
Preloading 0 native plugins for Editor in 0.00 ms.
Unloading 1131 Unused Serialized files (Serialized files now loaded: 0)
System memory in use before: 58.8 MB.
System memory in use after: 58.9 MB.

Unloading 5 unused Assets to reduce memory usage. Loaded Objects now: 1595.
Total: 1.467500 ms (FindLiveObjects: 0.130900 ms CreateObjectMapping: 0.026000 ms MarkObjects: 1.298200 ms  DeleteObjects: 0.011700 ms)

========================================================================
Received Prepare
Registering precompiled user dll's ...
Registered in 0.000827 seconds.
Begin MonoManager ReloadAssembly
Native extension for WindowsStandalone target not found
Refreshing native plugins compatible for Editor in 0.22 ms, found 0 plugins.
Preloading 0 native plugins for Editor in 0.00 ms.
Invoked RoslynAnalysisRunner static constructor.
RoslynAnalysisRunner will not be running.
RoslynAnalysisRunner has terminated.
Mono: successfully reloaded assembly
- Completed reload, in  0.780 seconds
Platform modules already initialized, skipping
Refreshing native plugins compatible for Editor in 0.22 ms, found 0 plugins.
Preloading 0 native plugins for Editor in 0.00 ms.
Unloading 1131 Unused Serialized files (Serialized files now loaded: 0)
System memory in use before: 59.0 MB.
System memory in use after: 59.1 MB.

Unloading 5 unused Assets to reduce memory usage. Loaded Objects now: 1597.
Total: 1.486100 ms (FindLiveObjects: 0.131200 ms CreateObjectMapping: 0.027100 ms MarkObjects: 1.315500 ms  DeleteObjects: 0.011600 ms)

========================================================================
Received Prepare
Registering precompiled user dll's ...
Registered in 0.001012 seconds.
Begin MonoManager ReloadAssembly
Native extension for WindowsStandalone target not found
Refreshing native plugins compatible for Editor in 0.25 ms, found 0 plugins.
Preloading 0 native plugins for Editor in 0.00 ms.
Invoked RoslynAnalysisRunner static constructor.
RoslynAnalysisRunner will not be running.
RoslynAnalysisRunner has terminated.
Mono: successfully reloaded assembly
- Completed reload, in  0.831 seconds
Platform modules already initialized, skipping
Refreshing native plugins compatible for Editor in 0.32 ms, found 0 plugins.
Preloading 0 native plugins for Editor in 0.00 ms.
Unloading 1131 Unused Serialized files (Serialized files now loaded: 0)
System memory in use before: 59.2 MB.
System memory in use after: 59.3 MB.

Unloading 5 unused Assets to reduce memory usage. Loaded Objects now: 1599.
Total: 1.739100 ms (FindLiveObjects: 0.141500 ms CreateObjectMapping: 0.026900 ms MarkObjects: 1.556300 ms  DeleteObjects: 0.013000 ms)

========================================================================
Received Prepare
Refreshing native plugins compatible for Editor in 0.85 ms, found 0 plugins.
Preloading 0 native plugins for Editor in 0.00 ms.
Unloading 4 Unused Serialized files (Serialized files now loaded: 0)
System memory in use before: 36.9 MB.
System memory in use after: 37.0 MB.

Unloading 3 unused Assets to reduce memory usage. Loaded Objects now: 1599.
Total: 1.742200 ms (FindLiveObjects: 0.136400 ms CreateObjectMapping: 0.027100 ms MarkObjects: 1.563500 ms  DeleteObjects: 0.014100 ms)

========================================================================
Received Prepare
Registering precompiled user dll's ...
Registered in 0.000957 seconds.
Begin MonoManager ReloadAssembly
Native extension for WindowsStandalone target not found
Refreshing native plugins compatible for Editor in 0.23 ms, found 0 plugins.
Preloading 0 native plugins for Editor in 0.00 ms.
Invoked RoslynAnalysisRunner static constructor.
RoslynAnalysisRunner will not be running.
RoslynAnalysisRunner has terminated.
Mono: successfully reloaded assembly
- Completed reload, in  0.844 seconds
Platform modules already initialized, skipping
Refreshing native plugins compatible for Editor in 0.30 ms, found 0 plugins.
Preloading 0 native plugins for Editor in 0.00 ms.
Unloading 1131 Unused Serialized files (Serialized files now loaded: 0)
System memory in use before: 59.5 MB.
System memory in use after: 59.6 MB.

Unloading 5 unused Assets to reduce memory usage. Loaded Objects now: 1601.
Total: 1.698700 ms (FindLiveObjects: 0.160400 ms CreateObjectMapping: 0.028500 ms MarkObjects: 1.495900 ms  DeleteObjects: 0.012800 ms)

========================================================================
Received Prepare
Registering precompiled user dll's ...
Registered in 0.000832 seconds.
Begin MonoManager ReloadAssembly
Native extension for WindowsStandalone target not found
Refreshing native plugins compatible for Editor in 0.35 ms, found 0 plugins.
Preloading 0 native plugins for Editor in 0.00 ms.
Invoked RoslynAnalysisRunner static constructor.
RoslynAnalysisRunner will not be running.
RoslynAnalysisRunner has terminated.
Mono: successfully reloaded assembly
- Completed reload, in  0.848 seconds
Platform modules already initialized, skipping
Refreshing native plugins compatible for Editor in 0.24 ms, found 0 plugins.
Preloading 0 native plugins for Editor in 0.00 ms.
Unloading 1131 Unused Serialized files (Serialized files now loaded: 0)
System memory in use before: 59.7 MB.
System memory in use after: 59.8 MB.

Unloading 5 unused Assets to reduce memory usage. Loaded Objects now: 1603.
Total: 1.610400 ms (FindLiveObjects: 0.151300 ms CreateObjectMapping: 0.027000 ms MarkObjects: 1.416700 ms  DeleteObjects: 0.014000 ms)

========================================================================
Received Prepare
Registering precompiled user dll's ...
Registered in 0.000863 seconds.
Begin MonoManager ReloadAssembly
Native extension for WindowsStandalone target not found
Refreshing native plugins compatible for Editor in 0.28 ms, found 0 plugins.
Preloading 0 native plugins for Editor in 0.00 ms.
Invoked RoslynAnalysisRunner static constructor.
RoslynAnalysisRunner will not be running.
RoslynAnalysisRunner has terminated.
Mono: successfully reloaded assembly
- Completed reload, in  0.812 seconds
Platform modules already initialized, skipping
Refreshing native plugins compatible for Editor in 0.23 ms, found 0 plugins.
Preloading 0 native plugins for Editor in 0.00 ms.
Unloading 1131 Unused Serialized files (Serialized files now loaded: 0)
System memory in use before: 59.9 MB.
System memory in use after: 60.0 MB.

Unloading 5 unused Assets to reduce memory usage. Loaded Objects now: 1605.
Total: 2.261300 ms (FindLiveObjects: 0.246200 ms CreateObjectMapping: 0.057900 ms MarkObjects: 1.941700 ms  DeleteObjects: 0.013800 ms)

========================================================================
Received Prepare
Registering precompiled user dll's ...
Registered in 0.000900 seconds.
Begin MonoManager ReloadAssembly
Native extension for WindowsStandalone target not found
Refreshing native plugins compatible for Editor in 0.22 ms, found 0 plugins.
Preloading 0 native plugins for Editor in 0.00 ms.
Invoked RoslynAnalysisRunner static constructor.
RoslynAnalysisRunner will not be running.
RoslynAnalysisRunner has terminated.
Mono: successfully reloaded assembly
- Completed reload, in  0.794 seconds
Platform modules already initialized, skipping
Refreshing native plugins compatible for Editor in 0.24 ms, found 0 plugins.
Preloading 0 native plugins for Editor in 0.00 ms.
Unloading 1131 Unused Serialized files (Serialized files now loaded: 0)
System memory in use before: 60.1 MB.
System memory in use after: 60.2 MB.

Unloading 5 unused Assets to reduce memory usage. Loaded Objects now: 1607.
Total: 2.265700 ms (FindLiveObjects: 0.226500 ms CreateObjectMapping: 0.036500 ms MarkObjects: 1.978900 ms  DeleteObjects: 0.022600 ms)

========================================================================
Received Prepare
Registering precompiled user dll's ...
Registered in 0.000892 seconds.
Begin MonoManager ReloadAssembly
Native extension for WindowsStandalone target not found
Refreshing native plugins compatible for Editor in 0.28 ms, found 0 plugins.
Preloading 0 native plugins for Editor in 0.00 ms.
Invoked RoslynAnalysisRunner static constructor.
RoslynAnalysisRunner will not be running.
RoslynAnalysisRunner has terminated.
Mono: successfully reloaded assembly
- Completed reload, in  0.798 seconds
Platform modules already initialized, skipping
Refreshing native plugins compatible for Editor in 0.26 ms, found 0 plugins.
Preloading 0 native plugins for Editor in 0.00 ms.
Unloading 1131 Unused Serialized files (Serialized files now loaded: 0)
System memory in use before: 60.3 MB.
System memory in use after: 60.3 MB.

Unloading 5 unused Assets to reduce memory usage. Loaded Objects now: 1609.
Total: 1.649300 ms (FindLiveObjects: 0.146900 ms CreateObjectMapping: 0.026800 ms MarkObjects: 1.458400 ms  DeleteObjects: 0.016100 ms)

========================================================================
Received Prepare
Refreshing native plugins compatible for Editor in 0.80 ms, found 0 plugins.
Preloading 0 native plugins for Editor in 0.00 ms.
Unloading 4 Unused Serialized files (Serialized files now loaded: 0)
System memory in use before: 37.9 MB.
System memory in use after: 38.0 MB.

Unloading 3 unused Assets to reduce memory usage. Loaded Objects now: 1609.
Total: 1.500900 ms (FindLiveObjects: 0.150700 ms CreateObjectMapping: 0.028300 ms MarkObjects: 1.310300 ms  DeleteObjects: 0.010800 ms)

========================================================================
Received Prepare
Refreshing native plugins compatible for Editor in 0.70 ms, found 0 plugins.
Preloading 0 native plugins for Editor in 0.00 ms.
Unloading 4 Unused Serialized files (Serialized files now loaded: 0)
System memory in use before: 37.3 MB.
System memory in use after: 37.4 MB.

Unloading 3 unused Assets to reduce memory usage. Loaded Objects now: 1609.
Total: 1.632300 ms (FindLiveObjects: 0.192800 ms CreateObjectMapping: 0.040700 ms MarkObjects: 1.385600 ms  DeleteObjects: 0.012100 ms)

========================================================================
Received Prepare
Registering precompiled user dll's ...
Registered in 0.001081 seconds.
Begin MonoManager ReloadAssembly
Native extension for WindowsStandalone target not found
Refreshing native plugins compatible for Editor in 0.22 ms, found 0 plugins.
Preloading 0 native plugins for Editor in 0.00 ms.
Invoked RoslynAnalysisRunner static constructor.
RoslynAnalysisRunner will not be running.
RoslynAnalysisRunner has terminated.
Mono: successfully reloaded assembly
- Completed reload, in  0.810 seconds
Platform modules already initialized, skipping
Refreshing native plugins compatible for Editor in 0.33 ms, found 0 plugins.
Preloading 0 native plugins for Editor in 0.00 ms.
Unloading 1131 Unused Serialized files (Serialized files now loaded: 0)
System memory in use before: 59.8 MB.
System memory in use after: 59.9 MB.

Unloading 5 unused Assets to reduce memory usage. Loaded Objects now: 1611.
Total: 1.582400 ms (FindLiveObjects: 0.140400 ms CreateObjectMapping: 0.027000 ms MarkObjects: 1.401400 ms  DeleteObjects: 0.012600 ms)

========================================================================
Received Prepare
Refreshing native plugins compatible for Editor in 0.79 ms, found 0 plugins.
Preloading 0 native plugins for Editor in 0.00 ms.
Unloading 4 Unused Serialized files (Serialized files now loaded: 0)
System memory in use before: 37.6 MB.
System memory in use after: 37.7 MB.

Unloading 3 unused Assets to reduce memory usage. Loaded Objects now: 1611.
Total: 1.547200 ms (FindLiveObjects: 0.113700 ms CreateObjectMapping: 0.027200 ms MarkObjects: 1.394800 ms  DeleteObjects: 0.010200 ms)

========================================================================
Received Prepare
Registering precompiled user dll's ...
Registered in 0.001478 seconds.
Begin MonoManager ReloadAssembly
Native extension for WindowsStandalone target not found
Refreshing native plugins compatible for Editor in 0.22 ms, found 0 plugins.
Preloading 0 native plugins for Editor in 0.00 ms.
Invoked RoslynAnalysisRunner static constructor.
RoslynAnalysisRunner will not be running.
RoslynAnalysisRunner has terminated.
Mono: successfully reloaded assembly
- Completed reload, in  0.808 seconds
Platform modules already initialized, skipping
Refreshing native plugins compatible for Editor in 0.32 ms, found 0 plugins.
Preloading 0 native plugins for Editor in 0.00 ms.
Unloading 1131 Unused Serialized files (Serialized files now loaded: 0)
System memory in use before: 60.2 MB.
System memory in use after: 60.2 MB.

Unloading 5 unused Assets to reduce memory usage. Loaded Objects now: 1613.
Total: 1.603200 ms (FindLiveObjects: 0.142000 ms CreateObjectMapping: 0.029200 ms MarkObjects: 1.415300 ms  DeleteObjects: 0.015800 ms)

========================================================================
Received Prepare
Registering precompiled user dll's ...
Registered in 0.000835 seconds.
Begin MonoManager ReloadAssembly
Native extension for WindowsStandalone target not found
Refreshing native plugins compatible for Editor in 0.23 ms, found 0 plugins.
Preloading 0 native plugins for Editor in 0.00 ms.
Invoked RoslynAnalysisRunner static constructor.
RoslynAnalysisRunner will not be running.
RoslynAnalysisRunner has terminated.
Mono: successfully reloaded assembly
- Completed reload, in  0.802 seconds
Platform modules already initialized, skipping
Refreshing native plugins compatible for Editor in 0.31 ms, found 0 plugins.
Preloading 0 native plugins for Editor in 0.00 ms.
Unloading 1131 Unused Serialized files (Serialized files now loaded: 0)
System memory in use before: 60.3 MB.
System memory in use after: 60.4 MB.

Unloading 5 unused Assets to reduce memory usage. Loaded Objects now: 1615.
Total: 1.692400 ms (FindLiveObjects: 0.141800 ms CreateObjectMapping: 0.027900 ms MarkObjects: 1.506600 ms  DeleteObjects: 0.014700 ms)

========================================================================
Received Import Request.
  Time since last request: 993.463805 seconds.
  path: Assets/ChatTextShow.prefab
  artifactKey: Guid(f5b9fb18ef5272f4f9d27cfbd27b9c32) Importer(815301076,1909f56bfc062723c751e8b465ee728b)
Start importing Assets/ChatTextShow.prefab using Guid(f5b9fb18ef5272f4f9d27cfbd27b9c32) Importer(815301076,1909f56bfc062723c751e8b465ee728b)  -> (artifact id: '1e4506fffe4c750fa1de4214c31775a1') in 0.039156 seconds
  Import took 0.041438 seconds .

========================================================================
Received Import Request.
  Time since last request: 0.976320 seconds.
  path: Assets/ChatTextShow.prefab
  artifactKey: Guid(f5b9fb18ef5272f4f9d27cfbd27b9c32) Importer(815301076,1909f56bfc062723c751e8b465ee728b)
Start importing Assets/ChatTextShow.prefab using Guid(f5b9fb18ef5272f4f9d27cfbd27b9c32) Importer(815301076,1909f56bfc062723c751e8b465ee728b)  -> (artifact id: '4c2b3fb5d9681094f4f8f0d5553d15bb') in 0.003192 seconds
  Import took 0.005052 seconds .

========================================================================
Received Import Request.
  Time since last request: 0.008850 seconds.
  path: Assets/ChatTextShow.prefab
  artifactKey: Guid(f5b9fb18ef5272f4f9d27cfbd27b9c32) Importer(815301076,1909f56bfc062723c751e8b465ee728b)
Start importing Assets/ChatTextShow.prefab using Guid(f5b9fb18ef5272f4f9d27cfbd27b9c32) Importer(815301076,1909f56bfc062723c751e8b465ee728b)  -> (artifact id: '4c2b3fb5d9681094f4f8f0d5553d15bb') in 0.003524 seconds
  Import took 0.005534 seconds .

========================================================================
Received Import Request.
  Time since last request: 27.450595 seconds.
  path: Assets/ChatTextShow.prefab
  artifactKey: Guid(f5b9fb18ef5272f4f9d27cfbd27b9c32) Importer(815301076,1909f56bfc062723c751e8b465ee728b)
Start importing Assets/ChatTextShow.prefab using Guid(f5b9fb18ef5272f4f9d27cfbd27b9c32) Importer(815301076,1909f56bfc062723c751e8b465ee728b)  -> (artifact id: 'a086b9248546f485aad2f46234214d9f') in 0.003256 seconds
  Import took 0.005186 seconds .

========================================================================
Received Import Request.
  Time since last request: 0.017717 seconds.
  path: Assets/ChatTextShow.prefab
  artifactKey: Guid(f5b9fb18ef5272f4f9d27cfbd27b9c32) Importer(815301076,1909f56bfc062723c751e8b465ee728b)
Start importing Assets/ChatTextShow.prefab using Guid(f5b9fb18ef5272f4f9d27cfbd27b9c32) Importer(815301076,1909f56bfc062723c751e8b465ee728b)  -> (artifact id: 'a086b9248546f485aad2f46234214d9f') in 0.003381 seconds
  Import took 0.005297 seconds .

AssetImportWorkerClient::OnTransportError - code=2 error=End of file
